{"level":"info","message":"🔄 Attempting to connect to MongoDB Atlas...","timestamp":"2025-05-25T21:10:55.922Z"}
{"level":"info","message":"📍 Database: recovery-office","timestamp":"2025-05-25T21:10:55.926Z"}
{"level":"info","message":"🔗 Connection URI: mongodb+srv:****@cluster0.jk9gqg.mongodb.net/recovery-office?retryWrites=true&w=majority","timestamp":"2025-05-25T21:10:55.926Z"}
{"level":"warn","message":"📴 Mongoose disconnected from MongoDB Atlas","timestamp":"2025-05-25T21:10:55.934Z"}
{"level":"error","message":"❌ MongoDB connection failed:","timestamp":"2025-05-25T21:10:55.936Z"}
{"level":"info","message":"🔄 Retrying connection (1/5) in 5 seconds...","timestamp":"2025-05-25T21:10:55.937Z"}
{"level":"error","message":"❌ Mongoose connection error: option buffermaxentries is not supported","stack":"MongoParseError: option buffermaxentries is not supported\n    at parseOptions (C:\\recovery-office\\backend\\node_modules\\mongoose\\node_modules\\mongodb\\lib\\connection_string.js:273:15)\n    at new MongoClient (C:\\recovery-office\\backend\\node_modules\\mongoose\\node_modules\\mongodb\\lib\\mongo_client.js:48:63)\n    at NativeConnection.createClient (C:\\recovery-office\\backend\\node_modules\\mongoose\\lib\\drivers\\node-mongodb-native\\connection.js:288:14)\n    at NativeConnection.openUri (C:\\recovery-office\\backend\\node_modules\\mongoose\\lib\\connection.js:766:34)\n    at Mongoose.connect (C:\\recovery-office\\backend\\node_modules\\mongoose\\lib\\index.js:416:15)\n    at DatabaseConnection.connect (C:\\recovery-office\\backend\\src\\config\\database.js:81:22)\n    at testConnection (C:\\recovery-office\\backend\\test-db-connection.js:36:30)\n    at Object.<anonymous> (C:\\recovery-office\\backend\\test-db-connection.js:79:1)\n    at Module._compile (node:internal/modules/cjs/loader:1730:14)\n    at Object..js (node:internal/modules/cjs/loader:1895:10)","timestamp":"2025-05-25T21:10:55.939Z"}
{"level":"info","message":"🔄 Attempting to connect to MongoDB Atlas...","timestamp":"2025-05-25T21:11:00.941Z"}
{"level":"info","message":"📍 Database: recovery-office","timestamp":"2025-05-25T21:11:00.943Z"}
{"level":"info","message":"🔗 Connection URI: mongodb+srv:****@cluster0.jk9gqg.mongodb.net/recovery-office?retryWrites=true&w=majority","timestamp":"2025-05-25T21:11:00.944Z"}
{"level":"warn","message":"📴 Mongoose disconnected from MongoDB Atlas","timestamp":"2025-05-25T21:11:00.945Z"}
{"level":"error","message":"❌ MongoDB connection failed:","timestamp":"2025-05-25T21:11:00.945Z"}
{"level":"info","message":"🔄 Retrying connection (2/5) in 5 seconds...","timestamp":"2025-05-25T21:11:00.946Z"}
{"level":"error","message":"❌ Mongoose connection error: option buffermaxentries is not supported","stack":"MongoParseError: option buffermaxentries is not supported\n    at parseOptions (C:\\recovery-office\\backend\\node_modules\\mongoose\\node_modules\\mongodb\\lib\\connection_string.js:273:15)\n    at new MongoClient (C:\\recovery-office\\backend\\node_modules\\mongoose\\node_modules\\mongodb\\lib\\mongo_client.js:48:63)\n    at NativeConnection.createClient (C:\\recovery-office\\backend\\node_modules\\mongoose\\lib\\drivers\\node-mongodb-native\\connection.js:288:14)\n    at NativeConnection.openUri (C:\\recovery-office\\backend\\node_modules\\mongoose\\lib\\connection.js:766:34)\n    at Mongoose.connect (C:\\recovery-office\\backend\\node_modules\\mongoose\\lib\\index.js:416:15)\n    at DatabaseConnection.connect (C:\\recovery-office\\backend\\src\\config\\database.js:81:22)\n    at DatabaseConnection.connect (C:\\recovery-office\\backend\\src\\config\\database.js:99:21)\n    at async testConnection (C:\\recovery-office\\backend\\test-db-connection.js:36:5)","timestamp":"2025-05-25T21:11:00.946Z"}
{"level":"info","message":"🔄 Attempting to connect to MongoDB Atlas...","timestamp":"2025-05-25T21:11:05.956Z"}
{"level":"info","message":"📍 Database: recovery-office","timestamp":"2025-05-25T21:11:05.957Z"}
{"level":"info","message":"🔗 Connection URI: mongodb+srv:****@cluster0.jk9gqg.mongodb.net/recovery-office?retryWrites=true&w=majority","timestamp":"2025-05-25T21:11:05.958Z"}
{"level":"warn","message":"📴 Mongoose disconnected from MongoDB Atlas","timestamp":"2025-05-25T21:11:05.960Z"}
{"level":"error","message":"❌ MongoDB connection failed:","timestamp":"2025-05-25T21:11:05.961Z"}
{"level":"info","message":"🔄 Retrying connection (3/5) in 5 seconds...","timestamp":"2025-05-25T21:11:05.961Z"}
{"level":"error","message":"❌ Mongoose connection error: option buffermaxentries is not supported","stack":"MongoParseError: option buffermaxentries is not supported\n    at parseOptions (C:\\recovery-office\\backend\\node_modules\\mongoose\\node_modules\\mongodb\\lib\\connection_string.js:273:15)\n    at new MongoClient (C:\\recovery-office\\backend\\node_modules\\mongoose\\node_modules\\mongodb\\lib\\mongo_client.js:48:63)\n    at NativeConnection.createClient (C:\\recovery-office\\backend\\node_modules\\mongoose\\lib\\drivers\\node-mongodb-native\\connection.js:288:14)\n    at NativeConnection.openUri (C:\\recovery-office\\backend\\node_modules\\mongoose\\lib\\connection.js:766:34)\n    at Mongoose.connect (C:\\recovery-office\\backend\\node_modules\\mongoose\\lib\\index.js:416:15)\n    at DatabaseConnection.connect (C:\\recovery-office\\backend\\src\\config\\database.js:81:22)\n    at DatabaseConnection.connect (C:\\recovery-office\\backend\\src\\config\\database.js:99:21)\n    at async testConnection (C:\\recovery-office\\backend\\test-db-connection.js:36:5)","timestamp":"2025-05-25T21:11:05.962Z"}
{"level":"info","message":"🔄 Attempting to connect to MongoDB Atlas...","timestamp":"2025-05-25T21:11:10.972Z"}
{"level":"info","message":"📍 Database: recovery-office","timestamp":"2025-05-25T21:11:10.973Z"}
{"level":"info","message":"🔗 Connection URI: mongodb+srv:****@cluster0.jk9gqg.mongodb.net/recovery-office?retryWrites=true&w=majority","timestamp":"2025-05-25T21:11:10.974Z"}
{"level":"warn","message":"📴 Mongoose disconnected from MongoDB Atlas","timestamp":"2025-05-25T21:11:10.976Z"}
{"level":"error","message":"❌ MongoDB connection failed:","timestamp":"2025-05-25T21:11:10.976Z"}
{"level":"info","message":"🔄 Retrying connection (4/5) in 5 seconds...","timestamp":"2025-05-25T21:11:10.977Z"}
{"level":"error","message":"❌ Mongoose connection error: option buffermaxentries is not supported","stack":"MongoParseError: option buffermaxentries is not supported\n    at parseOptions (C:\\recovery-office\\backend\\node_modules\\mongoose\\node_modules\\mongodb\\lib\\connection_string.js:273:15)\n    at new MongoClient (C:\\recovery-office\\backend\\node_modules\\mongoose\\node_modules\\mongodb\\lib\\mongo_client.js:48:63)\n    at NativeConnection.createClient (C:\\recovery-office\\backend\\node_modules\\mongoose\\lib\\drivers\\node-mongodb-native\\connection.js:288:14)\n    at NativeConnection.openUri (C:\\recovery-office\\backend\\node_modules\\mongoose\\lib\\connection.js:766:34)\n    at Mongoose.connect (C:\\recovery-office\\backend\\node_modules\\mongoose\\lib\\index.js:416:15)\n    at DatabaseConnection.connect (C:\\recovery-office\\backend\\src\\config\\database.js:81:22)\n    at DatabaseConnection.connect (C:\\recovery-office\\backend\\src\\config\\database.js:99:21)\n    at async testConnection (C:\\recovery-office\\backend\\test-db-connection.js:36:5)","timestamp":"2025-05-25T21:11:10.978Z"}
{"level":"info","message":"🔄 Attempting to connect to MongoDB Atlas...","timestamp":"2025-05-25T21:11:15.989Z"}
{"level":"info","message":"📍 Database: recovery-office","timestamp":"2025-05-25T21:11:15.989Z"}
{"level":"info","message":"🔗 Connection URI: mongodb+srv:****@cluster0.jk9gqg.mongodb.net/recovery-office?retryWrites=true&w=majority","timestamp":"2025-05-25T21:11:15.990Z"}
{"level":"warn","message":"📴 Mongoose disconnected from MongoDB Atlas","timestamp":"2025-05-25T21:11:15.994Z"}
{"level":"error","message":"❌ MongoDB connection failed:","timestamp":"2025-05-25T21:11:15.995Z"}
{"level":"info","message":"🔄 Retrying connection (5/5) in 5 seconds...","timestamp":"2025-05-25T21:11:15.996Z"}
{"level":"error","message":"❌ Mongoose connection error: option buffermaxentries is not supported","stack":"MongoParseError: option buffermaxentries is not supported\n    at parseOptions (C:\\recovery-office\\backend\\node_modules\\mongoose\\node_modules\\mongodb\\lib\\connection_string.js:273:15)\n    at new MongoClient (C:\\recovery-office\\backend\\node_modules\\mongoose\\node_modules\\mongodb\\lib\\mongo_client.js:48:63)\n    at NativeConnection.createClient (C:\\recovery-office\\backend\\node_modules\\mongoose\\lib\\drivers\\node-mongodb-native\\connection.js:288:14)\n    at NativeConnection.openUri (C:\\recovery-office\\backend\\node_modules\\mongoose\\lib\\connection.js:766:34)\n    at Mongoose.connect (C:\\recovery-office\\backend\\node_modules\\mongoose\\lib\\index.js:416:15)\n    at DatabaseConnection.connect (C:\\recovery-office\\backend\\src\\config\\database.js:81:22)\n    at DatabaseConnection.connect (C:\\recovery-office\\backend\\src\\config\\database.js:99:21)\n    at async testConnection (C:\\recovery-office\\backend\\test-db-connection.js:36:5)","timestamp":"2025-05-25T21:11:15.997Z"}
{"level":"info","message":"🔄 Attempting to connect to MongoDB Atlas...","timestamp":"2025-05-25T21:11:21.006Z"}
{"level":"info","message":"🔄 Attempting to connect to MongoDB Atlas...","timestamp":"2025-05-25T21:11:37.466Z"}
{"level":"info","message":"📍 Database: recovery-office","timestamp":"2025-05-25T21:11:37.470Z"}
{"level":"info","message":"🔗 Connection URI: mongodb+srv:****@cluster0.jk9gqg.mongodb.net/recovery-office?retryWrites=true&w=majority","timestamp":"2025-05-25T21:11:37.471Z"}
{"level":"info","message":"🔗 Mongoose connected to MongoDB Atlas","timestamp":"2025-05-25T21:11:43.009Z"}
{"level":"info","message":"✅ MongoDB Atlas connection established successfully","timestamp":"2025-05-25T21:11:43.010Z"}
{"level":"info","message":"🏢 Connected to: cluster0-shard-00-01.jk9gqg.mongodb.net","timestamp":"2025-05-25T21:11:43.010Z"}
{"level":"info","message":"📊 Database: recovery-office","timestamp":"2025-05-25T21:11:43.011Z"}
{"level":"info","message":"🏓 Database ping successful","timestamp":"2025-05-25T21:11:43.551Z"}
{"level":"warn","message":"📴 Mongoose disconnected from MongoDB Atlas","timestamp":"2025-05-25T21:11:46.320Z"}
{"level":"info","message":"📴 MongoDB connection closed","timestamp":"2025-05-25T21:11:46.321Z"}
